<?xml version="1.0" encoding="UTF-8"?>
<!-- Generated by org.testng.reporters.JUnitReportReporter -->
<testsuite hostname="DESKTOP-9KEFPRG" failures="0" tests="1" name="TestCases.DemoTC_04" time="5.280" errors="0" timestamp="2024-05-22T15:06:29 IST" skipped="0">
  <testcase classname="TestCases.DemoTC_04" name="PasswordRecovery" time="5.280"/>
  <system-out/>
</testsuite> <!-- TestCases.DemoTC_04 -->
