<?xml version="1.0" encoding="UTF-8"?>
<!-- Generated by org.testng.reporters.JUnitReportReporter -->
<testsuite hostname="DESKTOP-9KEFPRG" failures="0" tests="1" name="TestCases.DemoTC_05" time="7.695" errors="0" timestamp="2024-05-27T09:07:03 IST" skipped="0">
  <testcase classname="TestCases.DemoTC_05" name="ToRegister" time="7.695"/>
  <system-out/>
</testsuite> <!-- TestCases.DemoTC_05 -->
