<?xml version="1.0" encoding="UTF-8"?>
<!-- Generated by org.testng.reporters.JUnitReportReporter -->
<testsuite hostname="DESKTOP-9KEFPRG" failures="0" tests="1" name="TestCases.DemoTC_11" time="7.733" errors="0" timestamp="2024-05-22T12:02:40 IST" skipped="0">
  <testcase classname="TestCases.DemoTC_11" name="ToLogin" time="7.733"/>
  <system-out/>
</testsuite> <!-- TestCases.DemoTC_11 -->
