<?xml version="1.0" encoding="UTF-8"?>
<!-- Generated by org.testng.reporters.JUnitReportReporter -->
<testsuite hostname="DESKTOP-9KEFPRG" failures="0" tests="1" name="TestCases.DemoTC_07" time="4.348" errors="0" timestamp="2024-05-21T20:08:17 IST" skipped="0">
  <testcase classname="TestCases.DemoTC_07" name="ClickOnElectrnicsLink" time="4.348"/>
  <system-out/>
</testsuite> <!-- TestCases.DemoTC_07 -->
