<?xml version="1.0" encoding="UTF-8"?>
<!-- Generated by org.testng.reporters.JUnitReportReporter -->
<testsuite hostname="DESKTOP-9KEFPRG" failures="0" tests="1" name="TestCases.DemoTC_01" time="3.198" errors="0" timestamp="2024-05-22T12:49:20 IST" skipped="0">
  <testcase classname="TestCases.DemoTC_01" name="ClickOnRegisterLink" time="3.198"/>
  <system-out/>
</testsuite> <!-- TestCases.DemoTC_01 -->
