<?xml version="1.0" encoding="UTF-8"?>
<!-- Generated by org.testng.reporters.JUnitReportReporter -->
<testsuite hostname="DESKTOP-9KEFPRG" failures="0" tests="1" name="TestCases.DemoTC_08" time="4.257" errors="0" timestamp="2024-05-22T10:18:55 IST" skipped="0">
  <testcase classname="TestCases.DemoTC_08" name="ClickOnDesktopsLink" time="4.257"/>
  <system-out/>
</testsuite> <!-- TestCases.DemoTC_08 -->
