<?xml version="1.0" encoding="UTF-8"?>
<!-- Generated by org.testng.reporters.JUnitReportReporter -->
<testsuite hostname="DESKTOP-9KEFPRG" failures="0" tests="1" name="TestCases.DemoTC_06" time="3.749" errors="0" timestamp="2024-05-21T20:05:35 IST" skipped="0">
  <testcase classname="TestCases.DemoTC_06" name="ClickOnCoumpterLink" time="3.749"/>
  <system-out/>
</testsuite> <!-- TestCases.DemoTC_06 -->
