<?xml version="1.0" encoding="UTF-8"?>
<!-- Generated by org.testng.reporters.JUnitReportReporter -->
<testsuite hostname="DESKTOP-9KEFPRG" failures="0" tests="1" name="TestCases.DemoTC_10" time="4.186" errors="0" timestamp="2024-05-22T10:28:10 IST" skipped="0">
  <testcase classname="TestCases.DemoTC_10" name="ClickOnRegisterButton" time="4.186"/>
  <system-out/>
</testsuite> <!-- TestCases.DemoTC_10 -->
