<?xml version="1.0" encoding="UTF-8"?>
<!-- Generated by org.testng.reporters.JUnitReportReporter -->
<testsuite hostname="DESKTOP-9KEFPRG" failures="0" tests="1" name="TestCases.DemoTC_01Test" time="3.848" errors="0" timestamp="2024-05-27T14:18:06 IST" skipped="0">
  <testcase classname="TestCases.DemoTC_01Test" name="ClickOnRegisterLink" time="3.848"/>
  <system-out/>
</testsuite> <!-- TestCases.DemoTC_01Test -->
