<?xml version="1.0" encoding="UTF-8"?>
<!-- Generated by org.testng.reporters.JUnitReportReporter -->
<testsuite hostname="DESKTOP-9KEFPRG" failures="0" tests="1" name="TestCases.DemoTC_09" time="3.866" errors="0" timestamp="2024-05-22T10:17:58 IST" skipped="0">
  <testcase classname="TestCases.DemoTC_09" name="ClickonRegisterLink" time="3.866"/>
  <system-out/>
</testsuite> <!-- TestCases.DemoTC_09 -->
