<?xml version="1.0" encoding="UTF-8"?>
<!-- Generated by org.testng.reporters.JUnitReportReporter -->
<testsuite hostname="DESKTOP-9KEFPRG" failures="0" tests="1" name="TestCases.DemoTC_03" time="1.320" errors="0" timestamp="2024-05-21T19:58:47 IST" skipped="0">
  <testcase classname="TestCases.DemoTC_03" name="ClickonShopingcartLink" time="1.320"/>
  <system-out/>
</testsuite> <!-- TestCases.DemoTC_03 -->
